<?xml version="1.0" encoding="UTF-8"?>
<!-- Generated by org.testng.reporters.JUnitReportReporter -->
<testsuite hostname="LAPTOP-I30VNB79" failures="0" tests="4" name="Selenium.Practice" time="0.014" errors="0" timestamp="2024-01-14T13:32:59 IST" skipped="3">
  <testcase classname="Selenium.Practice" name="isAsendingNumber" time="0.014"/>
  <testcase classname="Selenium.Practice" name="isPalindromeWord">
    <skipped/>
  </testcase> <!-- isPalindromeWord -->
  <testcase classname="Selenium.Practice" name="isPrime">
    <skipped/>
  </testcase> <!-- isPrime -->
  <testcase classname="Selenium.Practice" name="isPalindromeNumber">
    <skipped/>
  </testcase> <!-- isPalindromeNumber -->
</testsuite> <!-- Selenium.Practice -->
