<?xml version="1.0" encoding="UTF-8"?>
<!-- Generated by org.testng.reporters.JUnitReportReporter -->
<testsuite hostname="LAPTOP-I30VNB79" failures="0" tests="2" name="testNGDemo.ParallelTest" time="26.674" errors="0" timestamp="2024-02-17T14:48:05 IST" skipped="0">
  <testcase classname="testNGDemo.ParallelTest" name="testOnChromeWithBrowserStackSignUp" time="19.259"/>
  <testcase classname="testNGDemo.ParallelTest" name="testOnChromeWithBrowserStackUrl" time="7.415"/>
</testsuite> <!-- testNGDemo.ParallelTest -->
