<?xml version="1.0" encoding="UTF-8"?>
<!-- Generated by org.testng.reporters.JUnitReportReporter -->
<testsuite hostname="LAPTOP-I30VNB79" failures="0" tests="1" name="RestAPIDemo.OAuth_AuthorizationServer_and_GetCourse" time="16.684" errors="0" timestamp="2024-02-03T09:19:51 IST" skipped="0">
  <testcase classname="RestAPIDemo.OAuth_AuthorizationServer_and_GetCourse" name="Oauth" time="16.684"/>
</testsuite> <!-- RestAPIDemo.OAuth_AuthorizationServer_and_GetCourse -->
