<?xml version="1.0" encoding="UTF-8"?>
<!-- Generated by org.testng.reporters.JUnitReportReporter -->
<testsuite hostname="LAPTOP-I30VNB79" failures="0" tests="1" name="testNGDemo.day2" time="0.015" errors="0" timestamp="2024-02-17T14:49:27 IST" skipped="0">
  <testcase classname="testNGDemo.day2" name="ploan" time="0.015"/>
</testsuite> <!-- testNGDemo.day2 -->
