<?xml version="1.0" encoding="UTF-8"?>
<!-- Generated by org.testng.reporters.JUnitReportReporter -->
<testsuite hostname="LAPTOP-I30VNB79" failures="0" tests="5" name="Selenium.StreamSortingAndPagination" time="12.968" errors="0" timestamp="2024-01-16T18:17:09 IST" skipped="3">
  <testcase classname="Selenium.StreamSortingAndPagination" name="streamCollector" time="0.073"/>
  <testcase classname="Selenium.StreamSortingAndPagination" name="webTableSoting" time="12.895"/>
  <testcase classname="Selenium.StreamSortingAndPagination" name="streamFilter">
    <skipped/>
  </testcase> <!-- streamFilter -->
  <testcase classname="Selenium.StreamSortingAndPagination" name="streamMap">
    <skipped/>
  </testcase> <!-- streamMap -->
  <testcase classname="Selenium.StreamSortingAndPagination" name="arrayApprochFilter">
    <skipped/>
  </testcase> <!-- arrayApprochFilter -->
</testsuite> <!-- Selenium.StreamSortingAndPagination -->
