<?xml version="1.0" encoding="UTF-8"?>
<!-- Generated by org.testng.reporters.JUnitReportReporter -->
<testsuite hostname="LAPTOP-I30VNB79" failures="0" tests="1" name="RestAPIDemo.SumValidation" time="2.495" errors="0" timestamp="2024-01-28T11:42:30 IST" skipped="0">
  <testcase classname="RestAPIDemo.SumValidation" name="sumOfCourses" time="2.495"/>
</testsuite> <!-- RestAPIDemo.SumValidation -->
