<?xml version="1.0" encoding="UTF-8"?>
<!-- Generated by org.testng.reporters.JUnitReportReporter -->
<testsuite hostname="LAPTOP-I30VNB79" failures="0" tests="3" name="RestAPIDemo.DynamicJson" time="4.805" errors="0" timestamp="2024-01-28T15:45:07 IST" skipped="0">
  <testcase classname="RestAPIDemo.DynamicJson" name="addBook" time="0.282"/>
  <testcase classname="RestAPIDemo.DynamicJson" name="addBook" time="4.221"/>
  <testcase classname="RestAPIDemo.DynamicJson" name="addBook" time="0.302"/>
</testsuite> <!-- RestAPIDemo.DynamicJson -->
